<?xml version="1.0" encoding="UTF-8"?>
<testng-results ignored="0" total="1" passed="1" failed="0" skipped="0">
  <reporter-output>
  </reporter-output>
  <suite started-at="2025-10-05T15:58:46 IST" name="DemoAppTestsuite" finished-at="2025-10-05T15:58:52 IST" duration-ms="5822">
    <groups>
    </groups>
    <test started-at="2025-10-05T15:58:46 IST" name="LoginPageTest" finished-at="2025-10-05T15:58:52 IST" duration-ms="5822">
      <class name="tests.LoginTest">
        <test-method is-config="true" signature="setup()[pri:0, instance:tests.LoginTest@5c30a9b0]" started-at="2025-10-05T15:58:46 IST" name="setup" finished-at="2025-10-05T15:58:49 IST" duration-ms="2807" status="PASS">
          <reporter-output>
          </reporter-output>
        </test-method> <!-- setup -->
        <test-method signature="login_valid()[pri:0, instance:tests.LoginTest@5c30a9b0]" started-at="2025-10-05T15:58:49 IST" name="login_valid" finished-at="2025-10-05T15:58:52 IST" duration-ms="2960" status="PASS">
          <reporter-output>
          </reporter-output>
        </test-method> <!-- login_valid -->
        <test-method is-config="true" signature="cleanup()[pri:0, instance:tests.LoginTest@5c30a9b0]" started-at="2025-10-05T15:58:52 IST" name="cleanup" finished-at="2025-10-05T15:58:52 IST" duration-ms="0" status="PASS">
          <reporter-output>
          </reporter-output>
        </test-method> <!-- cleanup -->
      </class> <!-- tests.LoginTest -->
    </test> <!-- LoginPageTest -->
  </suite> <!-- DemoAppTestsuite -->
</testng-results>
